12:17:21.587 [main] INFO  org.testng.internal.Utils - [Utils] MethodGroupsHelper.collectMethodsByGroup() took 11 ms.
12:17:21.615 [main] INFO  org.testng.internal.Utils - [Utils] MethodGroupsHelper.sortMethods() took 16 ms.
12:17:21.617 [main] INFO  org.testng.internal.Utils - [Utils] MethodGroupsHelper.collectMethodsByGroup() took 0 ms.
12:17:21.619 [main] INFO  org.testng.internal.Utils - [Utils] MethodGroupsHelper.sortMethods() took 0 ms.
12:17:21.621 [main] INFO  org.testng.internal.Utils - [Utils] MethodGroupsHelper.collectMethodsByGroup() took 0 ms.
12:17:21.621 [main] INFO  org.testng.internal.Utils - [Utils] MethodGroupsHelper.sortMethods() took 0 ms.
12:17:21.622 [main] INFO  org.testng.internal.Utils - [Utils] MethodGroupsHelper.collectMethodsByGroup() took 0 ms.
12:17:21.622 [main] INFO  org.testng.internal.Utils - [Utils] MethodGroupsHelper.sortMethods() took 0 ms.
12:17:21.626 [main] INFO  org.testng.internal.Utils - [Utils] MethodGroupsHelper.collectMethodsByGroup() took 0 ms.
12:17:21.626 [main] INFO  org.testng.internal.Utils - [Utils] MethodGroupsHelper.sortMethods() took 0 ms.
12:17:21.628 [main] INFO  org.testng.internal.Utils - [Utils] MethodGroupsHelper.collectMethodsByGroup() took 0 ms.
12:17:21.628 [main] INFO  org.testng.internal.Utils - [Utils] MethodGroupsHelper.sortMethods() took 0 ms.
12:17:21.631 [main] INFO  org.testng.internal.Utils - [Utils] MethodGroupsHelper.collectMethodsByGroup() took 0 ms.
12:17:21.631 [main] INFO  org.testng.internal.Utils - [Utils] MethodGroupsHelper.sortMethods() took 0 ms.
12:17:21.631 [main] INFO  org.testng.internal.Utils - [Utils] MethodGroupsHelper.collectMethodsByGroup() took 0 ms.
12:17:21.631 [main] INFO  org.testng.internal.Utils - [Utils] MethodGroupsHelper.sortMethods() took 0 ms.
12:17:21.634 [main] INFO  org.testng.internal.Utils - [Utils] MethodGroupsHelper.collectMethodsByGroup() took 1 ms.
12:17:21.635 [main] INFO  org.testng.internal.Utils - [Utils] MethodGroupsHelper.sortMethods() took 0 ms.
12:17:21.637 [main] INFO  org.testng.internal.Utils - [Utils] MethodGroupsHelper.collectMethodsByGroup() took 0 ms.
12:17:21.637 [main] INFO  org.testng.internal.Utils - [Utils] MethodGroupsHelper.sortMethods() took 0 ms.
12:17:21.638 [main] INFO  org.testng.internal.Utils - [Utils] MethodGroupsHelper.collectMethodsByGroup() took 0 ms.
12:17:21.638 [main] INFO  org.testng.internal.Utils - [Utils] MethodGroupsHelper.sortMethods() took 0 ms.
12:17:21.654 [main] INFO  org.testng.internal.Utils - [TestNG] Running:
  C:\Users\Niharika\AppData\Local\Temp\testng-eclipse-993247707\testng-customsuite.xml

12:17:21.688 [main] INFO  org.testng.internal.Utils - [Utils] DynamicGraphHelper.createDynamicGraph() took 7 ms.
12:17:21.895 [main] INFO  org.testng.internal.Utils - [TestNG] Time taken by org.testng.reporters.SuiteHTMLReporter@6cbcf243: 48 ms
12:17:21.968 [main] INFO  org.testng.internal.Utils - [TestNG] Time taken by org.testng.reporters.jq.Main@1d7f7be7: 73 ms
12:17:22.000 [main] INFO  org.testng.internal.Utils - [TestNG] Time taken by org.testng.reporters.FailedReporter@768ccdc5: 32 ms
12:17:22.016 [main] INFO  org.testng.internal.Utils - [TestNG] Time taken by org.testng.reporters.XMLReporter@b40bb6e: 16 ms
12:17:22.026 [main] INFO  org.testng.internal.Utils - [TestNG] Time taken by org.testng.reporters.EmailableReporter2@5bf22f18: 9 ms
12:17:22.037 [main] INFO  org.testng.internal.Utils - [TestNG] Time taken by org.testng.reporters.JUnitReportReporter@2ed3b1f5: 11 ms
12:17:22.037 [main] INFO  org.testng.internal.Utils - [TestNG] Time taken by org.testng.internal.ExitCodeListener@63648ee9: 0 ms
12:55:07.607 [main] INFO  org.testng.internal.Utils - [TestNG] Running:
  C:\Users\Niharika\eclipse-workspace\Framework\mastertestng.xml

12:55:13.909 [main] INFO  testCases.TC_001_AccountRegistrationTest - **** starting TC_001_AccountRegistrationTest  *****
12:55:14.348 [main] INFO  testCases.TC_001_AccountRegistrationTest - Clicked on MyAccount link
14:34:18.160 [main] INFO  org.testng.internal.Utils - [TestNG] Running:
  C:\Users\Niharika\eclipse-workspace\Framework\grouping.xml

14:34:24.059 [main] INFO  testCases.TC_001_AccountRegistrationTest - **** starting TC_001_AccountRegistrationTest  *****
14:34:24.472 [main] INFO  testCases.TC_001_AccountRegistrationTest - Clicked on MyAccount link
14:39:29.063 [main] INFO  testCases.TC_001_AccountRegistrationTest - **** starting TC_001_AccountRegistrationTest  *****
16:05:35.419 [main] INFO  org.testng.internal.Utils - [TestNG] Running:
  C:\Users\Niharika\eclipse-workspace\Framework\mastertestng.xml

16:07:11.886 [main] INFO  org.testng.internal.Utils - [TestNG] Running:
  C:\Users\Niharika\eclipse-workspace\Framework\mastertestng.xml

15:26:44.046 [main] INFO  org.testng.internal.Utils - [TestNG] Running:
  C:\Users\Niharika\eclipse-workspace\Framework\mastertestng.xml

18:00:51.696 [main] INFO  org.testng.internal.Utils - [TestNG] Running:
  C:\Users\Niharika\eclipse-workspace\Framework\mastertestng.xml

